<?xml version="1.0" encoding="UTF-8" ?>
<testsuite errors="0" failures="0" hostname="jiyoung" name="fr.istic.m1.aco.miniediteur.v2.ihm.IHMTest" tests="4" time="0.589" timestamp="2013-12-05T19:53:25">
  <properties>
    <property name="java.vendor" value="Oracle Corporation" />
    <property name="env.SESSION_MANAGER" value="local/jiyoung:@/tmp/.ICE-unix/2120,unix/jiyoung:/tmp/.ICE-unix/2120" />
    <property name="env.LESSOPEN" value="| /usr/bin/lesspipe %s" />
    <property name="sun.java.launcher" value="SUN_STANDARD" />
    <property name="eclipse.pdebuild.templates" value="/media/jiyoung/JIYOUNG/workspace/tools/eclipse-kepler/plugins/org.eclipse.pde.build_3.8.100.v20130514-1028/templates//" />
    <property name="sun.management.compiler" value="HotSpot 64-Bit Tiered Compilers" />
    <property name="ant.file.type.miniediteurV2" value="file" />
    <property name="os.name" value="Linux" />
    <property name="sun.boot.class.path" value="/usr/lib/jvm/java-7-openjdk-amd64/jre/lib/resources.jar:/usr/lib/jvm/java-7-openjdk-amd64/jre/lib/rt.jar:/usr/lib/jvm/java-7-openjdk-amd64/jre/lib/sunrsasign.jar:/usr/lib/jvm/java-7-openjdk-amd64/jre/lib/jsse.jar:/usr/lib/jvm/java-7-openjdk-amd64/jre/lib/jce.jar:/usr/lib/jvm/java-7-openjdk-amd64/jre/lib/charsets.jar:/usr/lib/jvm/java-7-openjdk-amd64/jre/lib/netx.jar:/usr/lib/jvm/java-7-openjdk-amd64/jre/lib/plugin.jar:/usr/lib/jvm/java-7-openjdk-amd64/jre/lib/rhino.jar:/usr/lib/jvm/java-7-openjdk-amd64/jre/lib/jfr.jar:/usr/lib/jvm/java-7-openjdk-amd64/jre/classes" />
    <property name="env.PWD" value="/home/jiyoung/myWorkSpace" />
    <property name="env.XDG_SESSION_COOKIE" value="cd39bf0ff3ed9233c9c64f6700000006-1385989639.486159-561474025" />
    <property name="sun.desktop" value="gnome" />
    <property name="env.LANG" value="fr_FR.UTF-8" />
    <property name="java.vm.specification.vendor" value="Oracle Corporation" />
    <property name="ant.home" value="/media/jiyoung/JIYOUNG/workspace/tools/eclipse-kepler/plugins/org.apache.ant_1.8.4.v201303080030" />
    <property name="java.runtime.version" value="1.7.0_25-b30" />
    <property name="env.GTK_IM_MODULE" value="ibus" />
    <property name="env.DEFAULTS_PATH" value="/usr/share/gconf/ubuntu.default.path" />
    <property name="env.DISPLAY" value=":0" />
    <property name="user.name" value="jiyoung" />
    <property name="env.QT4_IM_MODULE" value="xim" />
    <property name="env._" value="/media/jiyoung/JIYOUNG/workspace/tools/eclipse-kepler/eclipse" />
    <property name="env.USER" value="jiyoung" />
    <property name="env.SHELL" value="/bin/bash" />
    <property name="env.DESKTOP_SESSION" value="ubuntu" />
    <property name="env.XDG_DATA_DIRS" value="/usr/share/ubuntu:/usr/share/gnome:/usr/local/share/:/usr/share/" />
    <property name="env.LC_ADDRESS" value="ko_KR.UTF-8" />
    <property name="env.PATH" value="/usr/lib/lightdm/lightdm:/usr/local/sbin:/usr/local/bin:/usr/sbin:/usr/bin:/sbin:/bin:/usr/games:/usr/local/games:/usr/local/apache-maven/apache-maven-3.0.3/bin:/home/jiyoung/workspace/play-2.0.2" />
    <property name="env.XDG_CURRENT_DESKTOP" value="Unity" />
    <property name="user.language" value="fr" />
    <property name="env.LC_MONETARY" value="ko_KR.UTF-8" />
    <property name="sun.boot.library.path" value="/usr/lib/jvm/java-7-openjdk-amd64/jre/lib/amd64" />
    <property name="env.TEXTDOMAIN" value="im-config" />
    <property name="ant.project.default-target" value="build" />
    <property name="ant.project.name" value="miniediteurV2" />
    <property name="java.version" value="1.7.0_25" />
    <property name="user.timezone" value="" />
    <property name="env.DBUS_SESSION_BUS_ADDRESS" value="unix:abstract=/tmp/dbus-7UkvkfWAnn,guid=0895f1c91f8067e44200cbde529c8608" />
    <property name="sun.arch.data.model" value="64" />
    <property name="env.COMPIZ_CONFIG_PROFILE" value="ubuntu" />
    <property name="env.SSH_AGENT_PID" value="2169" />
    <property name="java.endorsed.dirs" value="/usr/lib/jvm/java-7-openjdk-amd64/jre/lib/endorsed" />
    <property name="sun.cpu.isalist" value="" />
    <property name="env.LC_PAPER" value="ko_KR.UTF-8" />
    <property name="sun.jnu.encoding" value="UTF-8" />
    <property name="file.encoding.pkg" value="sun.io" />
    <property name="env.SHLVL" value="2" />
    <property name="ECLIPSE_HOME" value="../../../tools/eclipse-kepler" />
    <property name="file.separator" value="/" />
    <property name="java.specification.name" value="Java Platform API Specification" />
    <property name="env.GNOME_DESKTOP_SESSION_ID" value="this-is-deprecated" />
    <property name="java.class.version" value="51.0" />
    <property name="env.GDMSESSION" value="ubuntu" />
    <property name="user.country" value="FR" />
    <property name="env.GNOME_KEYRING_PID" value="2110" />
    <property name="java.home" value="/usr/lib/jvm/java-7-openjdk-amd64/jre" />
    <property name="java.vm.info" value="mixed mode" />
    <property name="env.LOGNAME" value="jiyoung" />
    <property name="ant.file" value="/media/jiyoung/JIYOUNG/workspace/ECLIPSE_PROJECTS/MIAGEM1/miniediteurV2/build.xml" />
    <property name="os.version" value="3.8.0-31-generic" />
    <property name="path.separator" value=":" />
    <property name="java.vm.version" value="23.7-b01" />
    <property name="env.LANGUAGE" value="fr:ko:en" />
    <property name="env.TEXTDOMAINDIR" value="/usr/share/locale/" />
    <property name="ant.library.dir" value="/media/jiyoung/JIYOUNG/workspace/tools/eclipse-kepler/plugins/org.apache.ant_1.8.4.v201303080030/lib" />
    <property name="env.XDG_SESSION_PATH" value="/org/freedesktop/DisplayManager/Session0" />
    <property name="junit.output.dir" value="junit" />
    <property name="env.LC_TELEPHONE" value="ko_KR.UTF-8" />
    <property name="env.JAVA_HOME" value="/usr/lib/jvm/java-6-openjdk-amd64" />
    <property name="java.awt.printerjob" value="sun.print.PSPrinterJob" />
    <property name="env.TERM" value="xterm" />
    <property name="sun.io.unicode.encoding" value="UnicodeLittle" />
    <property name="awt.toolkit" value="sun.awt.X11.XToolkit" />
    <property name="env.XMODIFIERS" value="@im=ibus" />
    <property name="eclipse.pdebuild.scripts" value="/media/jiyoung/JIYOUNG/workspace/tools/eclipse-kepler/plugins/org.eclipse.pde.build_3.8.100.v20130514-1028/scripts//" />
    <property name="env.LC_MEASUREMENT" value="ko_KR.UTF-8" />
    <property name="target" value="1.7" />
    <property name="user.home" value="/home/jiyoung" />
    <property name="java.specification.vendor" value="Oracle Corporation" />
    <property name="env.WINDOWID" value="58720261" />
    <property name="java.library.path" value="/usr/java/packages/lib/amd64:/usr/lib/jni:/lib:/usr/lib" />
    <property name="java.vendor.url" value="http://java.oracle.com/" />
    <property name="java.vm.vendor" value="Oracle Corporation" />
    <property name="java.runtime.name" value="OpenJDK Runtime Environment" />
    <property name="ant.version" value="Apache Ant(TM) version 1.8.4 compiled on May 22 2012" />
    <property name="java.class.path" value="/media/jiyoung/JIYOUNG/workspace/ECLIPSE_PROJECTS/MIAGEM1/miniediteurV2/bin:/media/jiyoung/JIYOUNG/workspace/ECLIPSE_PROJECTS/MIAGEM1/miniediteurV2/libs/hamcrest-all-1.1.jar:/media/jiyoung/JIYOUNG/workspace/ECLIPSE_PROJECTS/MIAGEM1/miniediteurV2/libs/junit-4.11.jar:/media/jiyoung/JIYOUNG/workspace/ECLIPSE_PROJECTS/MIAGEM1/miniediteurV2/libs/log4j-1.2.17.jar:/media/jiyoung/JIYOUNG/workspace/ECLIPSE_PROJECTS/MIAGEM1/miniediteurV2/libs/mockito-all-1.8.5.jar:/media/jiyoung/JIYOUNG/workspace/ECLIPSE_PROJECTS/MIAGEM1/miniediteurV2/libs/system-rules-1.4.0.jar:/media/jiyoung/JIYOUNG/workspace/tools/eclipse-modeling-kepler/plugins/org.junit_4.11.0.v201303080030/junit.jar:/media/jiyoung/JIYOUNG/workspace/tools/eclipse-kepler/plugins/org.apache.ant_1.8.4.v201303080030/lib/ant-launcher.jar:/media/jiyoung/JIYOUNG/workspace/tools/eclipse-kepler/plugins/org.apache.ant_1.8.4.v201303080030/lib/ant.jar:/media/jiyoung/JIYOUNG/workspace/tools/eclipse-kepler/plugins/org.apache.ant_1.8.4.v201303080030/lib/ant-junit.jar:/media/jiyoung/JIYOUNG/workspace/tools/eclipse-kepler/plugins/org.apache.ant_1.8.4.v201303080030/lib/ant-junit4.jar" />
    <property name="sun.java.command" value="org.apache.tools.ant.taskdefs.optional.junit.JUnitTestRunner fr.istic.m1.aco.miniediteur.v2.ihm.IHMTest filtertrace=true haltOnError=false haltOnFailure=false formatter=org.apache.tools.ant.taskdefs.optional.junit.OutErrSummaryJUnitResultFormatter showoutput=false outputtoformatters=true logfailedtests=true logtestlistenerevents=false formatter=org.apache.tools.ant.taskdefs.optional.junit.XMLJUnitResultFormatter,/media/jiyoung/JIYOUNG/workspace/ECLIPSE_PROJECTS/MIAGEM1/miniediteurV2/junit/TEST-fr.istic.m1.aco.miniediteur.v2.ihm.IHMTest.xml crashfile=/media/jiyoung/JIYOUNG/workspace/ECLIPSE_PROJECTS/MIAGEM1/miniediteurV2/junitvmwatcher4227068380763768223.properties propsfile=/media/jiyoung/JIYOUNG/workspace/ECLIPSE_PROJECTS/MIAGEM1/miniediteurV2/junit4154359165105586189.properties" />
    <property name="env.UBUNTU_MENUPROXY" value="libappmenu.so" />
    <property name="java.vm.specification.name" value="Java Virtual Machine Specification" />
    <property name="java.vm.specification.version" value="1.7" />
    <property name="sun.os.patch.level" value="unknown" />
    <property name="sun.cpu.endian" value="little" />
    <property name="debuglevel" value="source,lines,vars" />
    <property name="env.HOME" value="/home/jiyoung" />
    <property name="env.ANT_HOME" value="/media/jiyoung/JIYOUNG/workspace/tools/eclipse-kepler/plugins/org.apache.ant_1.8.4.v201303080030" />
    <property name="env.LS_COLORS" value="rs=0:di=01;34:ln=01;36:mh=00:pi=40;33:so=01;35:do=01;35:bd=40;33;01:cd=40;33;01:or=40;31;01:su=37;41:sg=30;43:ca=30;41:tw=30;42:ow=34;42:st=37;44:ex=01;32:*.tar=01;31:*.tgz=01;31:*.arj=01;31:*.taz=01;31:*.lzh=01;31:*.lzma=01;31:*.tlz=01;31:*.txz=01;31:*.zip=01;31:*.z=01;31:*.Z=01;31:*.dz=01;31:*.gz=01;31:*.lz=01;31:*.xz=01;31:*.bz2=01;31:*.bz=01;31:*.tbz=01;31:*.tbz2=01;31:*.tz=01;31:*.deb=01;31:*.rpm=01;31:*.jar=01;31:*.war=01;31:*.ear=01;31:*.sar=01;31:*.rar=01;31:*.ace=01;31:*.zoo=01;31:*.cpio=01;31:*.7z=01;31:*.rz=01;31:*.jpg=01;35:*.jpeg=01;35:*.gif=01;35:*.bmp=01;35:*.pbm=01;35:*.pgm=01;35:*.ppm=01;35:*.tga=01;35:*.xbm=01;35:*.xpm=01;35:*.tif=01;35:*.tiff=01;35:*.png=01;35:*.svg=01;35:*.svgz=01;35:*.mng=01;35:*.pcx=01;35:*.mov=01;35:*.mpg=01;35:*.mpeg=01;35:*.m2v=01;35:*.mkv=01;35:*.webm=01;35:*.ogm=01;35:*.mp4=01;35:*.m4v=01;35:*.mp4v=01;35:*.vob=01;35:*.qt=01;35:*.nuv=01;35:*.wmv=01;35:*.asf=01;35:*.rm=01;35:*.rmvb=01;35:*.flc=01;35:*.avi=01;35:*.fli=01;35:*.flv=01;35:*.gl=01;35:*.dl=01;35:*.xcf=01;35:*.xwd=01;35:*.yuv=01;35:*.cgm=01;35:*.emf=01;35:*.axv=01;35:*.anx=01;35:*.ogv=01;35:*.ogx=01;35:*.aac=00;36:*.au=00;36:*.flac=00;36:*.mid=00;36:*.midi=00;36:*.mka=00;36:*.mp3=00;36:*.mpc=00;36:*.ogg=00;36:*.ra=00;36:*.wav=00;36:*.axa=00;36:*.oga=00;36:*.spx=00;36:*.xspf=00;36:" />
    <property name="env.XDG_SEAT_PATH" value="/org/freedesktop/DisplayManager/Seat0" />
    <property name="eclipse.pdebuild.home" value="/media/jiyoung/JIYOUNG/workspace/tools/eclipse-kepler/plugins/org.eclipse.pde.build_3.8.100.v20130514-1028/.//" />
    <property name="java.io.tmpdir" value="/tmp" />
    <property name="env.M3_HOME" value="/usr/local/apache-maven/apache-maven-3.0.3" />
    <property name="java.vendor.url.bug" value="http://bugreport.sun.com/bugreport/" />
    <property name="env.SSH_AUTH_SOCK" value="/run/user/jiyoung/keyring-jlcsdH/ssh" />
    <property name="env.CLUTTER_IM_MODULE" value="xim" />
    <property name="java.awt.graphicsenv" value="sun.awt.X11GraphicsEnvironment" />
    <property name="os.arch" value="amd64" />
    <property name="java.ext.dirs" value="/usr/lib/jvm/java-7-openjdk-amd64/jre/lib/ext:/usr/java/packages/lib/ext" />
    <property name="env.XDG_RUNTIME_DIR" value="/run/user/jiyoung" />
    <property name="user.dir" value="/media/jiyoung/JIYOUNG/workspace/ECLIPSE_PROJECTS/MIAGEM1/miniediteurV2" />
    <property name="env.MAVEN_HOME" value="/usr/local/apache-maven/apache-maven-3.0.3" />
    <property name="env.XAUTHORITY" value="/home/jiyoung/.Xauthority" />
    <property name="env.MANDATORY_PATH" value="/usr/share/gconf/ubuntu.mandatory.path" />
    <property name="env.GTK_MODULES" value="canberra-gtk-module:canberra-gtk-module:overlay-scrollbar" />
    <property name="line.separator" value="&#xa;" />
    <property name="java.vm.name" value="OpenJDK 64-Bit Server VM" />
    <property name="env.LC_NUMERIC" value="ko_KR.UTF-8" />
    <property name="ant.file.miniediteurV2" value="/media/jiyoung/JIYOUNG/workspace/ECLIPSE_PROJECTS/MIAGEM1/miniediteurV2/build.xml" />
    <property name="env.COLORTERM" value="gnome-terminal" />
    <property name="basedir" value="/media/jiyoung/JIYOUNG/workspace/ECLIPSE_PROJECTS/MIAGEM1/miniediteurV2" />
    <property name="ant.java.version" value="1.7" />
    <property name="env.M3" value="/usr/local/apache-maven/apache-maven-3.0.3/bin" />
    <property name="ant.core.lib" value="/media/jiyoung/JIYOUNG/workspace/tools/eclipse-kepler/plugins/org.apache.ant_1.8.4.v201303080030/lib/ant.jar" />
    <property name="env.LC_TIME" value="ko_KR.UTF-8" />
    <property name="source" value="1.7" />
    <property name="file.encoding" value="UTF-8" />
    <property name="env.COMPIZ_BIN_PATH" value="/usr/bin/" />
    <property name="env.LC_IDENTIFICATION" value="ko_KR.UTF-8" />
    <property name="env.GPG_AGENT_INFO" value="/run/user/jiyoung/keyring-jlcsdH/gpg:0:1" />
    <property name="java.specification.version" value="1.7" />
    <property name="env.GNOME_KEYRING_CONTROL" value="/run/user/jiyoung/keyring-jlcsdH" />
    <property name="env.XDG_CONFIG_DIRS" value="/etc/xdg/xdg-ubuntu:/etc/xdg" />
    <property name="ant.project.invoked-targets" value="IHMTest.pasteText (1)" />
    <property name="env.LESSCLOSE" value="/usr/bin/lesspipe %s %s" />
    <property name="env.LC_NAME" value="ko_KR.UTF-8" />
  </properties>
  <testcase classname="fr.istic.m1.aco.miniediteur.v2.ihm.IHMTest" name="pasteText" time="0.381" />
  <testcase classname="fr.istic.m1.aco.miniediteur.v2.ihm.IHMTest" name="copyText" time="0.021" />
  <testcase classname="fr.istic.m1.aco.miniediteur.v2.ihm.IHMTest" name="copyGui" time="0.055" />
  <testcase classname="fr.istic.m1.aco.miniediteur.v2.ihm.IHMTest" name="pasteGui" time="0.049" />
  <system-out><![CDATA[---------------------
Saisir Texte...

commandName : SaisirTexte
Press Papier : []
content : my first text[]
---------------------
Copier...
Debut?
Fin?

commandName : Copier
Press Papier : [first]
content : my [first] text
---------------------
Coller...
Debut?

commandName : Coller
Press Papier : [first]
content : first[]my first text
---------------------
Saisir Texte...

commandName : SaisirTexte
Press Papier : []
content : my first text[]
---------------------
Copier...
Debut?
Fin?

commandName : Copier
Press Papier : [first]
content : my [first] text
---------------------
Saisir Texte...

commandName : SaisirTexte
Press Papier : []
content : my first text[]
---------------------
Saisir Texte...

commandName : SaisirTexte
Press Papier : []
content : my first text[]
]]></system-out>
  <system-err><![CDATA[]]></system-err>
</testsuite>
